Using pre-set license
Built from '2020.3/staging' branch; Version is '2020.3.24f1 (79c78de19888) revision 7980941'; Using compiler version '192528614'; Build Type 'Release'
OS: 'Windows 11  (10.0.22000) 64bit Core' Language: 'de' Physical Memory: 7932 MB
BatchMode: 1, IsHumanControllingUs: 0, StartBugReporterOnCrash: 0, Is64bit: 1, IsPro: 0

COMMAND LINE ARGUMENTS:
C:\Program Files\Unity\Hub\Editor\2020.3.24f1\Editor\Unity.exe
-adb2
-batchMode
-noUpm
-name
AssetImportWorker0
-projectPath
C:/Users/const/Desktop/ThereIsNoSpoon/There is no Spoon-Bergbauer
-logFile
Logs/AssetImportWorker0.log
-srvPort
60102
Successfully changed project path to: C:/Users/const/Desktop/ThereIsNoSpoon/There is no Spoon-Bergbauer
C:/Users/const/Desktop/ThereIsNoSpoon/There is no Spoon-Bergbauer
Using Asset Import Pipeline V2.
Refreshing native plugins compatible for Editor in 156.47 ms, found 3 plugins.
Preloading 0 native plugins for Editor in 0.00 ms.
Initialize engine version: 2020.3.24f1 (79c78de19888)
[Subsystems] Discovering subsystems at path C:/Program Files/Unity/Hub/Editor/2020.3.24f1/Editor/Data/Resources/UnitySubsystems
[Subsystems] Discovering subsystems at path C:/Users/const/Desktop/ThereIsNoSpoon/There is no Spoon-Bergbauer/Assets
GfxDevice: creating device client; threaded=0
Direct3D:
    Version:  Direct3D 11.0 [level 11.1]
    Renderer: Intel(R) UHD Graphics (ID=0x8a56)
    Vendor:   
    VRAM:     3966 MB
    Driver:   30.0.100.9805
Initialize mono
Mono path[0] = 'C:/Program Files/Unity/Hub/Editor/2020.3.24f1/Editor/Data/Managed'
Mono path[1] = 'C:/Program Files/Unity/Hub/Editor/2020.3.24f1/Editor/Data/MonoBleedingEdge/lib/mono/unityjit'
Mono config path = 'C:/Program Files/Unity/Hub/Editor/2020.3.24f1/Editor/Data/MonoBleedingEdge/etc'
Using monoOptions --debugger-agent=transport=dt_socket,embedding=1,server=y,suspend=n,address=127.0.0.1:56396
Begin MonoManager ReloadAssembly
Registering precompiled unity dll's ...
Register platform support module: C:/Program Files/Unity/Hub/Editor/2020.3.24f1/Editor/Data/PlaybackEngines/WebGLSupport/UnityEditor.WebGL.Extensions.dll
Register platform support module: C:/Program Files/Unity/Hub/Editor/2020.3.24f1/Editor/Data/PlaybackEngines/MacStandaloneSupport/UnityEditor.OSXStandalone.Extensions.dll
Register platform support module: C:/Program Files/Unity/Hub/Editor/2020.3.24f1/Editor/Data/PlaybackEngines/WindowsStandaloneSupport/UnityEditor.WindowsStandalone.Extensions.dll
Register platform support module: C:/Program Files/Unity/Hub/Editor/2020.3.24f1/Editor/Data/PlaybackEngines/LinuxStandaloneSupport/UnityEditor.LinuxStandalone.Extensions.dll
Register platform support module: C:/Program Files/Unity/Hub/Editor/2020.3.24f1/Editor/Data/PlaybackEngines/LuminSupport/UnityEditor.Lumin.Extensions.dll
Registered in 0.009269 seconds.
Native extension for Lumin target not found
Native extension for LinuxStandalone target not found
Native extension for WindowsStandalone target not found
Native extension for OSXStandalone target not found
Native extension for WebGL target not found
Refreshing native plugins compatible for Editor in 47.82 ms, found 3 plugins.
Preloading 0 native plugins for Editor in 0.00 ms.
Mono: successfully reloaded assembly
- Completed reload, in  0.640 seconds
Domain Reload Profiling:
	ReloadAssembly (641ms)
		BeginReloadAssembly (58ms)
			ExecutionOrderSort (0ms)
			DisableScriptedObjects (0ms)
			BackupInstance (0ms)
			ReleaseScriptingObjects (0ms)
			CreateAndSetChildDomain (1ms)
		EndReloadAssembly (497ms)
			LoadAssemblies (61ms)
			RebuildTransferFunctionScriptingTraits (0ms)
			SetupTypeCache (158ms)
			ReleaseScriptCaches (0ms)
			RebuildScriptCaches (33ms)
			SetupLoadedEditorAssemblies (195ms)
				LogAssemblyErrors (0ms)
				InitializePlatformSupportModulesInManaged (9ms)
				SetLoadedEditorAssemblies (0ms)
				RefreshPlugins (48ms)
				BeforeProcessingInitializeOnLoad (16ms)
				ProcessInitializeOnLoadAttributes (84ms)
				ProcessInitializeOnLoadMethodAttributes (37ms)
				AfterProcessingInitializeOnLoad (0ms)
				EditorAssembliesLoaded (0ms)
			ExecutionOrderSort2 (0ms)
			AwakeInstancesAfterBackupRestoration (0ms)
Platform modules already initialized, skipping
Registering precompiled user dll's ...
Registered in 0.016882 seconds.
Begin MonoManager ReloadAssembly
Native extension for Lumin target not found
Native extension for LinuxStandalone target not found
Native extension for WindowsStandalone target not found
Native extension for OSXStandalone target not found
Native extension for WebGL target not found
Refreshing native plugins compatible for Editor in 46.83 ms, found 3 plugins.
Preloading 0 native plugins for Editor in 0.00 ms.
Mono: successfully reloaded assembly
- Completed reload, in  1.324 seconds
Domain Reload Profiling:
	ReloadAssembly (1325ms)
		BeginReloadAssembly (161ms)
			ExecutionOrderSort (0ms)
			DisableScriptedObjects (4ms)
			BackupInstance (0ms)
			ReleaseScriptingObjects (0ms)
			CreateAndSetChildDomain (23ms)
		EndReloadAssembly (1099ms)
			LoadAssemblies (148ms)
			RebuildTransferFunctionScriptingTraits (0ms)
			SetupTypeCache (346ms)
			ReleaseScriptCaches (0ms)
			RebuildScriptCaches (64ms)
			SetupLoadedEditorAssemblies (398ms)
				LogAssemblyErrors (0ms)
				InitializePlatformSupportModulesInManaged (6ms)
				SetLoadedEditorAssemblies (0ms)
				RefreshPlugins (47ms)
				BeforeProcessingInitializeOnLoad (87ms)
				ProcessInitializeOnLoadAttributes (233ms)
				ProcessInitializeOnLoadMethodAttributes (20ms)
				AfterProcessingInitializeOnLoad (5ms)
				EditorAssembliesLoaded (0ms)
			ExecutionOrderSort2 (0ms)
			AwakeInstancesAfterBackupRestoration (6ms)
Platform modules already initialized, skipping
========================================================================
Worker process is ready to serve import requests
Launched and connected shader compiler UnityShaderCompiler.exe after 0.06 seconds
Refreshing native plugins compatible for Editor in 0.45 ms, found 3 plugins.
Preloading 0 native plugins for Editor in 0.00 ms.
Unloading 2205 Unused Serialized files (Serialized files now loaded: 0)
System memory in use before: 96.4 MB.
System memory in use after: 96.5 MB.

Unloading 27 unused Assets to reduce memory usage. Loaded Objects now: 2643.
Total: 4.557000 ms (FindLiveObjects: 0.317300 ms CreateObjectMapping: 0.125100 ms MarkObjects: 4.069200 ms  DeleteObjects: 0.043200 ms)

AssetImportParameters requested are different than current active one (requested -> active):
  custom:framework-win-MediaFoundation: 216162199b28c13a410421893ffa2e32 -> 
  custom:video-decoder-ogg-theora: a1e56fd34408186e4bbccfd4996cb3dc -> 
  custom:container-muxer-webm: aa71ff27fc2769a1b78a27578f13a17b -> 
  custom:container-demuxer-webm: 4f35f7cbe854078d1ac9338744f61a02 -> 
  custom:container-demuxer-ogg: 62fdf1f143b41e24485cea50d1cbac27 -> 
  custom:video-encoder-webm-vp8: eb34c28f22e8b96e1ab97ce403110664 -> 
  custom:video-decoder-webm-vp8: 9c59270c3fd7afecdb556c50c9e8de78 -> 
  custom:audio-decoder-ogg-vorbis: bf7c407c2cedff20999df2af8eb42d56 -> 
  custom:audio-encoder-webm-vorbis: bf7c407c2cedff20999df2af8eb42d56 -> 
========================================================================
Received Import Request.
  path: Assets/Grapfics/Tilemap/D1_B.png
  artifactKey: Guid(62f27eb3ee3d55f4bb79fd8dcf91bbef) Importer(815301076,1909f56bfc062723c751e8b465ee728b)
Start importing Assets/Grapfics/Tilemap/D1_B.png using Guid(62f27eb3ee3d55f4bb79fd8dcf91bbef) Importer(815301076,1909f56bfc062723c751e8b465ee728b)  -> (artifact id: '26504e186d1aaef7e33b3c5050222cb5') in 0.122529 seconds 
  Import took 0.127559 seconds .

========================================================================
Received Import Request.
  Time since last request: 19.242135 seconds.
  path: Assets/Grapfics/RealTilemap/D1_B.png
  artifactKey: Guid(1aa9d56a31829484a9a7654e24a458e9) Importer(815301076,1909f56bfc062723c751e8b465ee728b)
Start importing Assets/Grapfics/RealTilemap/D1_B.png using Guid(1aa9d56a31829484a9a7654e24a458e9) Importer(815301076,1909f56bfc062723c751e8b465ee728b)  -> (artifact id: '38925e8643aec9bb05987ab746dfc2c6') in 0.020511 seconds 
  Import took 0.032875 seconds .

========================================================================
Received Import Request.
  Time since last request: 9.902332 seconds.
  path: Assets/Grapfics/RealTilemap/D1_B.asset
  artifactKey: Guid(545af14017de58d4186c52898059d564) Importer(815301076,1909f56bfc062723c751e8b465ee728b)
Start importing Assets/Grapfics/RealTilemap/D1_B.asset using Guid(545af14017de58d4186c52898059d564) Importer(815301076,1909f56bfc062723c751e8b465ee728b)  -> (artifact id: 'daa51468c092f896be2871b1c34fc672') in 0.110533 seconds 
  Import took 0.149325 seconds .

========================================================================
Received Import Request.
  Time since last request: 181.978489 seconds.
  path: Assets/Grapfics/RealTilemap/RealTilePalette.prefab
  artifactKey: Guid(06e18b52ef83f634b97ed2b0723a421f) Importer(815301076,1909f56bfc062723c751e8b465ee728b)
Start importing Assets/Grapfics/RealTilemap/RealTilePalette.prefab using Guid(06e18b52ef83f634b97ed2b0723a421f) Importer(815301076,1909f56bfc062723c751e8b465ee728b)  -> (artifact id: '8717757881d1d92ed4fe0d2708f0db2e') in 0.173814 seconds 
  Import took 0.185683 seconds .

========================================================================
Received Import Request.
  Time since last request: 10.337685 seconds.
  path: Assets/Grapfics/RealTilemap/D_G_Top.png
  artifactKey: Guid(936470b06ec5631419fbd57a42d69e48) Importer(815301076,1909f56bfc062723c751e8b465ee728b)
Start importing Assets/Grapfics/RealTilemap/D_G_Top.png using Guid(936470b06ec5631419fbd57a42d69e48) Importer(815301076,1909f56bfc062723c751e8b465ee728b)  -> (artifact id: '7b37ad7ca847244f74ac2f73534c3e6e') in 0.041299 seconds 
  Import took 0.058690 seconds .

========================================================================
Received Import Request.
  Time since last request: 0.000447 seconds.
  path: Assets/Grapfics/RealTilemap/D_G_B.png
  artifactKey: Guid(1bec39e4344733f43904cfa2f7986c6c) Importer(815301076,1909f56bfc062723c751e8b465ee728b)
Start importing Assets/Grapfics/RealTilemap/D_G_B.png using Guid(1bec39e4344733f43904cfa2f7986c6c) Importer(815301076,1909f56bfc062723c751e8b465ee728b)  -> (artifact id: '73c2f963e9e44acbb017afe0a7b1a2c7') in 0.040294 seconds 
  Import took 0.047252 seconds .

========================================================================
Received Import Request.
  Time since last request: 0.000683 seconds.
  path: Assets/Grapfics/RealTilemap/D_G_R.png
  artifactKey: Guid(3329a58019549334dbde60b12dac58a5) Importer(815301076,1909f56bfc062723c751e8b465ee728b)
Start importing Assets/Grapfics/RealTilemap/D_G_R.png using Guid(3329a58019549334dbde60b12dac58a5) Importer(815301076,1909f56bfc062723c751e8b465ee728b)  -> (artifact id: 'de5749d1d0a2d6a29985cc865d4c16d0') in 0.039830 seconds 
  Import took 0.047916 seconds .

========================================================================
Received Import Request.
  Time since last request: 0.000317 seconds.
  path: Assets/Grapfics/RealTilemap/D_G_L.png
  artifactKey: Guid(5c98c1a2ec294914b8795610fea14a4d) Importer(815301076,1909f56bfc062723c751e8b465ee728b)
Start importing Assets/Grapfics/RealTilemap/D_G_L.png using Guid(5c98c1a2ec294914b8795610fea14a4d) Importer(815301076,1909f56bfc062723c751e8b465ee728b)  -> (artifact id: 'fab0393448842552a6c206b327560d82') in 0.039606 seconds 
  Import took 0.046408 seconds .

========================================================================
Received Import Request.
  Time since last request: 9.521363 seconds.
  path: Assets/Grapfics/RealTilemap/D_G_B.asset
  artifactKey: Guid(fb44875f153d37047b87653bccd73e0a) Importer(815301076,1909f56bfc062723c751e8b465ee728b)
Start importing Assets/Grapfics/RealTilemap/D_G_B.asset using Guid(fb44875f153d37047b87653bccd73e0a) Importer(815301076,1909f56bfc062723c751e8b465ee728b)  -> (artifact id: 'd79a8ce0579e8a70bb1668ef36033b9f') in 0.044929 seconds 
  Import took 0.051329 seconds .

========================================================================
Received Import Request.
  Time since last request: 12.806439 seconds.
  path: Assets/Grapfics/RealTilemap/D_G_L.asset
  artifactKey: Guid(43116803ab13bd04492c33aff87e1de8) Importer(815301076,1909f56bfc062723c751e8b465ee728b)
Start importing Assets/Grapfics/RealTilemap/D_G_L.asset using Guid(43116803ab13bd04492c33aff87e1de8) Importer(815301076,1909f56bfc062723c751e8b465ee728b)  -> (artifact id: '4dec398f4378a212d1ffb6b86541269f') in 0.022506 seconds 
  Import took 0.029484 seconds .

========================================================================
Received Import Request.
  Time since last request: 5.969077 seconds.
  path: Assets/Grapfics/RealTilemap/D_G_Top.asset
  artifactKey: Guid(5282853525842e545a56d8363485b42b) Importer(815301076,1909f56bfc062723c751e8b465ee728b)
Start importing Assets/Grapfics/RealTilemap/D_G_Top.asset using Guid(5282853525842e545a56d8363485b42b) Importer(815301076,1909f56bfc062723c751e8b465ee728b)  -> (artifact id: 'ae7dcb899a003194868cdc96409e4334') in 0.027269 seconds 
  Import took 0.032547 seconds .

========================================================================
Received Import Request.
  Time since last request: 6.094503 seconds.
  path: Assets/Grapfics/RealTilemap/D_G_R.asset
  artifactKey: Guid(690e983b934773147b057ca83c490a79) Importer(815301076,1909f56bfc062723c751e8b465ee728b)
Start importing Assets/Grapfics/RealTilemap/D_G_R.asset using Guid(690e983b934773147b057ca83c490a79) Importer(815301076,1909f56bfc062723c751e8b465ee728b)  -> (artifact id: '0a6bf5e988ccfdf9dcf03080d7f30718') in 0.020904 seconds 
  Import took 0.028002 seconds .

========================================================================
Received Import Request.
  Time since last request: 109.245789 seconds.
  path: Assets/Grapfics/RealTilemap/D1_B.png
  artifactKey: Guid(1aa9d56a31829484a9a7654e24a458e9) Importer(815301076,1909f56bfc062723c751e8b465ee728b)
Start importing Assets/Grapfics/RealTilemap/D1_B.png using Guid(1aa9d56a31829484a9a7654e24a458e9) Importer(815301076,1909f56bfc062723c751e8b465ee728b)  -> (artifact id: 'a474a81eee57e697cae968db0e5543c2') in 0.022305 seconds 
  Import took 0.028015 seconds .

========================================================================
Received Prepare
Registering precompiled user dll's ...
Registered in 0.013394 seconds.
Begin MonoManager ReloadAssembly
Native extension for Lumin target not found
Native extension for LinuxStandalone target not found
Native extension for WindowsStandalone target not found
Native extension for OSXStandalone target not found
Native extension for WebGL target not found
Refreshing native plugins compatible for Editor in 0.48 ms, found 3 plugins.
Preloading 0 native plugins for Editor in 0.00 ms.
Mono: successfully reloaded assembly
- Completed reload, in  1.393 seconds
Domain Reload Profiling:
	ReloadAssembly (1393ms)
		BeginReloadAssembly (172ms)
			ExecutionOrderSort (0ms)
			DisableScriptedObjects (6ms)
			BackupInstance (0ms)
			ReleaseScriptingObjects (0ms)
			CreateAndSetChildDomain (52ms)
		EndReloadAssembly (1120ms)
			LoadAssemblies (155ms)
			RebuildTransferFunctionScriptingTraits (0ms)
			SetupTypeCache (348ms)
			ReleaseScriptCaches (1ms)
			RebuildScriptCaches (79ms)
			SetupLoadedEditorAssemblies (407ms)
				LogAssemblyErrors (0ms)
				InitializePlatformSupportModulesInManaged (7ms)
				SetLoadedEditorAssemblies (0ms)
				RefreshPlugins (1ms)
				BeforeProcessingInitializeOnLoad (123ms)
				ProcessInitializeOnLoadAttributes (250ms)
				ProcessInitializeOnLoadMethodAttributes (16ms)
				AfterProcessingInitializeOnLoad (8ms)
				EditorAssembliesLoaded (0ms)
			ExecutionOrderSort2 (0ms)
			AwakeInstancesAfterBackupRestoration (11ms)
Platform modules already initialized, skipping
